<testsuites id="" name="" tests="1" failures="0" skipped="0" errors="0" time="2.6729770000001882">
<testsuite name="tests\usePageObjects.spec.ts" timestamp="2024-11-21T16:38:59.364Z" hostname="dev" tests="1" failures="0" skipped="0" time="1.395" errors="0">
<testcase name="navigate to form page" classname="tests\usePageObjects.spec.ts" time="1.395">
</testcase>
</testsuite>
</testsuites>